2019-12-18 19:06:56,551 0      [           main] INFO  ClassPathXmlApplicationContext  - Refreshing org.springframework.context.support.ClassPathXmlApplicationContext@2e4b8173: startup date [Wed Dec 18 19:06:56 CST 2019]; root of context hierarchy
2019-12-18 19:06:56,659 108    [           main] INFO  ry.xml.XmlBeanDefinitionReader  - Loading XML bean definitions from class path resource [applicationContext.xml]
2019-12-18 19:06:57,261 710    [           main] WARN  .mapper.ClassPathMapperScanner  - No MyBatis mapper was found in '[com.dao]' package. Please check your configuration.
2019-12-18 19:09:48,234 0      [           main] INFO  ClassPathXmlApplicationContext  - Refreshing org.springframework.context.support.ClassPathXmlApplicationContext@2e4b8173: startup date [Wed Dec 18 19:09:48 CST 2019]; root of context hierarchy
2019-12-18 19:09:48,357 123    [           main] INFO  ry.xml.XmlBeanDefinitionReader  - Loading XML bean definitions from class path resource [applicationContext.xml]
2019-12-18 19:09:50,117 1883   [           main] WARN  .mapper.ClassPathMapperScanner  - No MyBatis mapper was found in '[com.dao]' package. Please check your configuration.
2019-12-18 19:11:51,441 0      [           main] INFO  ClassPathXmlApplicationContext  - Refreshing org.springframework.context.support.ClassPathXmlApplicationContext@654f0d9c: startup date [Wed Dec 18 19:11:51 CST 2019]; root of context hierarchy
2019-12-18 19:11:51,557 116    [           main] INFO  ry.xml.XmlBeanDefinitionReader  - Loading XML bean definitions from class path resource [applicationContext.xml]
2019-12-18 19:11:52,985 1544   [           main] WARN  .mapper.ClassPathMapperScanner  - No MyBatis mapper was found in '[com.dao]' package. Please check your configuration.
2019-12-18 19:16:53,129 0      [           main] INFO  ClassPathXmlApplicationContext  - Refreshing org.springframework.context.support.ClassPathXmlApplicationContext@2e4b8173: startup date [Wed Dec 18 19:16:53 CST 2019]; root of context hierarchy
2019-12-18 19:16:53,220 91     [           main] INFO  ry.xml.XmlBeanDefinitionReader  - Loading XML bean definitions from class path resource [applicationContext.xml]
2019-12-18 19:16:53,814 685    [           main] WARN  .mapper.ClassPathMapperScanner  - No MyBatis mapper was found in '[dao]' package. Please check your configuration.
2019-12-18 19:16:54,151 1022   [           main] WARN  ClassPathXmlApplicationContext  - Exception encountered during context initialization - cancelling refresh attempt: org.springframework.beans.factory.BeanCreationException: Error creating bean with name 'sqlSessionFactory' defined in class path resource [applicationContext.xml]: Invocation of init method failed; nested exception is org.springframework.core.NestedIOException: Failed to parse config resource: class path resource [SqlMapConfig.xml]; nested exception is org.apache.ibatis.builder.BuilderException: Error parsing SQL Mapper Configuration. Cause: java.lang.ClassNotFoundException: Cannot find class: dao.IUserDao
2019-12-18 19:21:26,359 0      [           main] INFO  ClassPathXmlApplicationContext  - Refreshing org.springframework.context.support.ClassPathXmlApplicationContext@47d90b9e: startup date [Wed Dec 18 19:21:26 CST 2019]; root of context hierarchy
2019-12-18 19:21:26,565 206    [           main] INFO  ry.xml.XmlBeanDefinitionReader  - Loading XML bean definitions from class path resource [applicationContext.xml]
2019-12-18 19:21:27,323 964    [           main] WARN  .mapper.ClassPathMapperScanner  - No MyBatis mapper was found in '[dao]' package. Please check your configuration.
2019-12-18 19:24:30,798 1      [           main] INFO  ClassPathXmlApplicationContext  - Refreshing org.springframework.context.support.ClassPathXmlApplicationContext@2e4b8173: startup date [Wed Dec 18 19:24:30 CST 2019]; root of context hierarchy
2019-12-18 19:24:30,924 127    [           main] INFO  ry.xml.XmlBeanDefinitionReader  - Loading XML bean definitions from class path resource [applicationContext.xml]
2019-12-18 19:24:33,270 2473   [           main] WARN  .mapper.ClassPathMapperScanner  - No MyBatis mapper was found in '[dao]' package. Please check your configuration.
2019-12-18 19:29:36,810 0      [           main] INFO  ClassPathXmlApplicationContext  - Refreshing org.springframework.context.support.ClassPathXmlApplicationContext@72a7c7e0: startup date [Wed Dec 18 19:29:36 CST 2019]; root of context hierarchy
2019-12-18 19:29:36,968 158    [           main] INFO  ry.xml.XmlBeanDefinitionReader  - Loading XML bean definitions from class path resource [applicationContext.xml]
2019-12-18 19:29:39,050 2240   [           main] WARN  .mapper.ClassPathMapperScanner  - No MyBatis mapper was found in '[dao]' package. Please check your configuration.
2019-12-18 19:35:18,658 0      [           main] INFO  ClassPathXmlApplicationContext  - Refreshing org.springframework.context.support.ClassPathXmlApplicationContext@2e4b8173: startup date [Wed Dec 18 19:35:18 CST 2019]; root of context hierarchy
2019-12-18 19:35:18,794 136    [           main] INFO  ry.xml.XmlBeanDefinitionReader  - Loading XML bean definitions from class path resource [applicationContext.xml]
2019-12-18 19:35:20,221 1563   [           main] WARN  .mapper.ClassPathMapperScanner  - No MyBatis mapper was found in '[dao]' package. Please check your configuration.
2019-12-18 19:36:58,532 0      [           main] INFO  ClassPathXmlApplicationContext  - Refreshing org.springframework.context.support.ClassPathXmlApplicationContext@72a7c7e0: startup date [Wed Dec 18 19:36:58 CST 2019]; root of context hierarchy
2019-12-18 19:36:58,650 118    [           main] INFO  ry.xml.XmlBeanDefinitionReader  - Loading XML bean definitions from class path resource [applicationContext.xml]
2019-12-18 19:37:00,758 2226   [           main] WARN  .mapper.ClassPathMapperScanner  - No MyBatis mapper was found in '[dao]' package. Please check your configuration.
2019-12-18 19:37:33,735 0      [           main] INFO  ClassPathXmlApplicationContext  - Refreshing org.springframework.context.support.ClassPathXmlApplicationContext@2e4b8173: startup date [Wed Dec 18 19:37:33 CST 2019]; root of context hierarchy
2019-12-18 19:37:33,884 149    [           main] INFO  ry.xml.XmlBeanDefinitionReader  - Loading XML bean definitions from class path resource [applicationContext.xml]
2019-12-18 19:37:37,068 3333   [           main] WARN  .mapper.ClassPathMapperScanner  - No MyBatis mapper was found in '[dao]' package. Please check your configuration.
2019-12-18 19:40:17,211 0      [           main] INFO  ClassPathXmlApplicationContext  - Refreshing org.springframework.context.support.ClassPathXmlApplicationContext@2e4b8173: startup date [Wed Dec 18 19:40:17 CST 2019]; root of context hierarchy
2019-12-18 19:40:17,395 184    [           main] INFO  ry.xml.XmlBeanDefinitionReader  - Loading XML bean definitions from class path resource [applicationContext.xml]
2019-12-18 19:40:19,066 1855   [           main] WARN  .mapper.ClassPathMapperScanner  - No MyBatis mapper was found in '[dao]' package. Please check your configuration.
2019-12-18 19:41:33,737 0      [           main] INFO  ClassPathXmlApplicationContext  - Refreshing org.springframework.context.support.ClassPathXmlApplicationContext@2e4b8173: startup date [Wed Dec 18 19:41:33 CST 2019]; root of context hierarchy
2019-12-18 19:41:33,879 142    [           main] INFO  ry.xml.XmlBeanDefinitionReader  - Loading XML bean definitions from class path resource [applicationContext.xml]
2019-12-18 19:41:35,518 1781   [           main] WARN  .mapper.ClassPathMapperScanner  - No MyBatis mapper was found in '[dao]' package. Please check your configuration.
2019-12-18 19:46:04,465 0      [           main] INFO  ClassPathXmlApplicationContext  - Refreshing org.springframework.context.support.ClassPathXmlApplicationContext@2e4b8173: startup date [Wed Dec 18 19:46:04 CST 2019]; root of context hierarchy
2019-12-18 19:46:04,564 99     [           main] INFO  ry.xml.XmlBeanDefinitionReader  - Loading XML bean definitions from class path resource [applicationContext.xml]
2019-12-18 19:46:05,897 1432   [           main] WARN  .mapper.ClassPathMapperScanner  - No MyBatis mapper was found in '[dao]' package. Please check your configuration.
2019-12-18 19:50:47,034 0      [           main] INFO  ClassPathXmlApplicationContext  - Refreshing org.springframework.context.support.ClassPathXmlApplicationContext@17046283: startup date [Wed Dec 18 19:50:47 CST 2019]; root of context hierarchy
2019-12-18 19:50:47,176 142    [           main] INFO  ry.xml.XmlBeanDefinitionReader  - Loading XML bean definitions from class path resource [applicationContext.xml]
2019-12-18 19:50:50,621 3587   [           main] WARN  .mapper.ClassPathMapperScanner  - No MyBatis mapper was found in '[dao]' package. Please check your configuration.
2019-12-18 19:53:01,823 0      [           main] INFO  ClassPathXmlApplicationContext  - Refreshing org.springframework.context.support.ClassPathXmlApplicationContext@17046283: startup date [Wed Dec 18 19:53:01 CST 2019]; root of context hierarchy
2019-12-18 19:53:01,962 139    [           main] INFO  ry.xml.XmlBeanDefinitionReader  - Loading XML bean definitions from class path resource [applicationContext.xml]
2019-12-18 19:53:05,057 3234   [           main] WARN  .mapper.ClassPathMapperScanner  - No MyBatis mapper was found in '[dao]' package. Please check your configuration.
2019-12-18 19:55:07,985 0      [           main] INFO  ClassPathXmlApplicationContext  - Refreshing org.springframework.context.support.ClassPathXmlApplicationContext@17046283: startup date [Wed Dec 18 19:55:07 CST 2019]; root of context hierarchy
2019-12-18 19:55:08,098 113    [           main] INFO  ry.xml.XmlBeanDefinitionReader  - Loading XML bean definitions from class path resource [applicationContext.xml]
2019-12-18 19:55:13,239 5254   [           main] WARN  .mapper.ClassPathMapperScanner  - No MyBatis mapper was found in '[dao]' package. Please check your configuration.
2019-12-18 19:55:13,999 6014   [           main] WARN  ClassPathXmlApplicationContext  - Exception encountered during context initialization - cancelling refresh attempt: org.springframework.beans.factory.BeanCreationException: Error creating bean with name 'sqlSessionFactory' defined in class path resource [applicationContext.xml]: Invocation of init method failed; nested exception is org.springframework.core.NestedIOException: Failed to parse config resource: class path resource [SqlMapConfig.xml]; nested exception is org.apache.ibatis.builder.BuilderException: Error parsing SQL Mapper Configuration. Cause: java.lang.ClassNotFoundException: Cannot find class: com.dao
2019-12-18 19:57:36,530 0      [           main] INFO  ClassPathXmlApplicationContext  - Refreshing org.springframework.context.support.ClassPathXmlApplicationContext@17046283: startup date [Wed Dec 18 19:57:36 CST 2019]; root of context hierarchy
2019-12-18 19:57:36,655 125    [           main] INFO  ry.xml.XmlBeanDefinitionReader  - Loading XML bean definitions from class path resource [applicationContext.xml]
2019-12-18 19:57:40,068 3538   [           main] WARN  .mapper.ClassPathMapperScanner  - No MyBatis mapper was found in '[dao]' package. Please check your configuration.
2019-12-18 20:01:15,291 0      [           main] INFO  ClassPathXmlApplicationContext  - Refreshing org.springframework.context.support.ClassPathXmlApplicationContext@70e8f8e: startup date [Wed Dec 18 20:01:15 CST 2019]; root of context hierarchy
2019-12-18 20:01:15,394 103    [           main] INFO  ry.xml.XmlBeanDefinitionReader  - Loading XML bean definitions from class path resource [applicationContext.xml]
2019-12-18 20:01:20,370 5079   [           main] WARN  .mapper.ClassPathMapperScanner  - No MyBatis mapper was found in '[dao]' package. Please check your configuration.
2019-12-18 20:03:59,875 0      [           main] INFO  ClassPathXmlApplicationContext  - Refreshing org.springframework.context.support.ClassPathXmlApplicationContext@17046283: startup date [Wed Dec 18 20:03:59 CST 2019]; root of context hierarchy
2019-12-18 20:03:59,968 93     [           main] INFO  ry.xml.XmlBeanDefinitionReader  - Loading XML bean definitions from class path resource [applicationContext.xml]
2019-12-18 20:04:03,052 3177   [           main] WARN  .mapper.ClassPathMapperScanner  - Skipping MapperFactoryBean with name 'IClient' and 'com.dao.IClient' mapperInterface. Bean already defined with the same name!
2019-12-18 20:04:03,052 3177   [           main] WARN  .mapper.ClassPathMapperScanner  - Skipping MapperFactoryBean with name 'IUserDao' and 'com.dao.IUserDao' mapperInterface. Bean already defined with the same name!
2019-12-18 20:04:03,053 3178   [           main] WARN  .mapper.ClassPathMapperScanner  - No MyBatis mapper was found in '[com.dao]' package. Please check your configuration.
2019-12-18 20:05:14,175 0      [           main] INFO  ClassPathXmlApplicationContext  - Refreshing org.springframework.context.support.ClassPathXmlApplicationContext@17046283: startup date [Wed Dec 18 20:05:14 CST 2019]; root of context hierarchy
2019-12-18 20:05:14,410 235    [           main] INFO  ry.xml.XmlBeanDefinitionReader  - Loading XML bean definitions from class path resource [applicationContext.xml]
2019-12-18 20:05:18,355 4180   [           main] WARN  .mapper.ClassPathMapperScanner  - Skipping MapperFactoryBean with name 'IClient' and 'com.dao.IClient' mapperInterface. Bean already defined with the same name!
2019-12-18 20:05:18,355 4180   [           main] WARN  .mapper.ClassPathMapperScanner  - Skipping MapperFactoryBean with name 'IUserDao' and 'com.dao.IUserDao' mapperInterface. Bean already defined with the same name!
2019-12-18 20:05:18,356 4181   [           main] WARN  .mapper.ClassPathMapperScanner  - No MyBatis mapper was found in '[com.dao]' package. Please check your configuration.
2019-12-18 20:11:34,407 0      [           main] INFO  ClassPathXmlApplicationContext  - Refreshing org.springframework.context.support.ClassPathXmlApplicationContext@17046283: startup date [Wed Dec 18 20:11:34 CST 2019]; root of context hierarchy
2019-12-18 20:11:34,501 94     [           main] INFO  ry.xml.XmlBeanDefinitionReader  - Loading XML bean definitions from class path resource [applicationContext.xml]
2019-12-18 20:15:09,140 0      [           main] INFO  ClassPathXmlApplicationContext  - Refreshing org.springframework.context.support.ClassPathXmlApplicationContext@776aec5c: startup date [Wed Dec 18 20:15:09 CST 2019]; root of context hierarchy
2019-12-18 20:15:09,247 107    [           main] INFO  ry.xml.XmlBeanDefinitionReader  - Loading XML bean definitions from class path resource [applicationContext.xml]
2019-12-18 21:45:06,699 0      [           main] INFO  ClassPathXmlApplicationContext  - Refreshing org.springframework.context.support.ClassPathXmlApplicationContext@17046283: startup date [Wed Dec 18 21:45:06 CST 2019]; root of context hierarchy
2019-12-18 21:45:06,825 126    [           main] INFO  ry.xml.XmlBeanDefinitionReader  - Loading XML bean definitions from class path resource [applicationContext.xml]
2019-12-18 21:45:12,440 5741   [           main] INFO  ry.xml.XmlBeanDefinitionReader  - Loading XML bean definitions from class path resource [org/springframework/jdbc/support/sql-error-codes.xml]
2019-12-18 21:45:12,510 5811   [           main] INFO  c.support.SQLErrorCodesFactory  - SQLErrorCodes loaded: [DB2, Derby, H2, HSQL, Informix, MS-SQL, MySQL, Oracle, PostgreSQL, Sybase, Hana]
2019-12-18 21:48:42,705 0      [           main] INFO  ClassPathXmlApplicationContext  - Refreshing org.springframework.context.support.ClassPathXmlApplicationContext@17046283: startup date [Wed Dec 18 21:48:42 CST 2019]; root of context hierarchy
2019-12-18 21:48:42,807 102    [           main] INFO  ry.xml.XmlBeanDefinitionReader  - Loading XML bean definitions from class path resource [applicationContext.xml]
2019-12-18 21:48:49,739 7034   [           main] INFO  ry.xml.XmlBeanDefinitionReader  - Loading XML bean definitions from class path resource [org/springframework/jdbc/support/sql-error-codes.xml]
2019-12-18 21:48:49,802 7097   [           main] INFO  c.support.SQLErrorCodesFactory  - SQLErrorCodes loaded: [DB2, Derby, H2, HSQL, Informix, MS-SQL, MySQL, Oracle, PostgreSQL, Sybase, Hana]
2019-12-18 21:51:44,847 0      [           main] INFO  ClassPathXmlApplicationContext  - Refreshing org.springframework.context.support.ClassPathXmlApplicationContext@17046283: startup date [Wed Dec 18 21:51:44 CST 2019]; root of context hierarchy
2019-12-18 21:51:44,999 152    [           main] INFO  ry.xml.XmlBeanDefinitionReader  - Loading XML bean definitions from class path resource [applicationContext.xml]
2019-12-18 21:55:07,097 0      [           main] INFO  ClassPathXmlApplicationContext  - Refreshing org.springframework.context.support.ClassPathXmlApplicationContext@17046283: startup date [Wed Dec 18 21:55:07 CST 2019]; root of context hierarchy
2019-12-18 21:55:07,260 163    [           main] INFO  ry.xml.XmlBeanDefinitionReader  - Loading XML bean definitions from class path resource [applicationContext.xml]
2019-12-18 21:55:15,773 8676   [           main] INFO  ry.xml.XmlBeanDefinitionReader  - Loading XML bean definitions from class path resource [org/springframework/jdbc/support/sql-error-codes.xml]
2019-12-18 21:55:15,901 8804   [           main] INFO  c.support.SQLErrorCodesFactory  - SQLErrorCodes loaded: [DB2, Derby, H2, HSQL, Informix, MS-SQL, MySQL, Oracle, PostgreSQL, Sybase, Hana]
2019-12-18 22:10:14,217 1      [           main] INFO  ClassPathXmlApplicationContext  - Refreshing org.springframework.context.support.ClassPathXmlApplicationContext@17046283: startup date [Wed Dec 18 22:10:14 CST 2019]; root of context hierarchy
2019-12-18 22:10:14,450 234    [           main] INFO  ry.xml.XmlBeanDefinitionReader  - Loading XML bean definitions from class path resource [applicationContext.xml]
2019-12-18 22:10:21,779 7563   [           main] INFO  ry.xml.XmlBeanDefinitionReader  - Loading XML bean definitions from class path resource [org/springframework/jdbc/support/sql-error-codes.xml]
2019-12-18 22:10:21,835 7619   [           main] INFO  c.support.SQLErrorCodesFactory  - SQLErrorCodes loaded: [DB2, Derby, H2, HSQL, Informix, MS-SQL, MySQL, Oracle, PostgreSQL, Sybase, Hana]
2019-12-18 22:33:57,918 0      [           main] INFO  ClassPathXmlApplicationContext  - Refreshing org.springframework.context.support.ClassPathXmlApplicationContext@17046283: startup date [Wed Dec 18 22:33:57 CST 2019]; root of context hierarchy
2019-12-18 22:33:58,067 149    [           main] INFO  ry.xml.XmlBeanDefinitionReader  - Loading XML bean definitions from class path resource [applicationContext.xml]
2019-12-18 22:34:04,523 6605   [           main] INFO  ry.xml.XmlBeanDefinitionReader  - Loading XML bean definitions from class path resource [org/springframework/jdbc/support/sql-error-codes.xml]
2019-12-18 22:34:04,613 6695   [           main] INFO  c.support.SQLErrorCodesFactory  - SQLErrorCodes loaded: [DB2, Derby, H2, HSQL, Informix, MS-SQL, MySQL, Oracle, PostgreSQL, Sybase, Hana]
2019-12-18 22:44:40,466 0      [           main] INFO  ClassPathXmlApplicationContext  - Refreshing org.springframework.context.support.ClassPathXmlApplicationContext@17046283: startup date [Wed Dec 18 22:44:40 CST 2019]; root of context hierarchy
2019-12-18 22:44:40,779 313    [           main] INFO  ry.xml.XmlBeanDefinitionReader  - Loading XML bean definitions from class path resource [applicationContext.xml]
2019-12-19 15:33:10,824 0      [           main] INFO  ClassPathXmlApplicationContext  - Refreshing org.springframework.context.support.ClassPathXmlApplicationContext@6580cfdd: startup date [Thu Dec 19 15:33:10 CST 2019]; root of context hierarchy
2019-12-19 15:33:11,396 572    [           main] INFO  ry.xml.XmlBeanDefinitionReader  - Loading XML bean definitions from class path resource [applicationContext.xml]
2019-12-19 21:59:25,353 1      [           main] INFO  ClassPathXmlApplicationContext  - Refreshing org.springframework.context.support.ClassPathXmlApplicationContext@333291e3: startup date [Thu Dec 19 21:59:25 CST 2019]; root of context hierarchy
2019-12-19 21:59:25,505 153    [           main] INFO  ry.xml.XmlBeanDefinitionReader  - Loading XML bean definitions from class path resource [applicationContext.xml]
